<?xml version="1.0" encoding="UTF-8"?>
<robot generator="Robot 3.2.2 (Python 3.9.13 on darwin)" generated="20220715 18:12:24.542" rpa="false">
<suite id="s1" name="Register" source="/Users/cto/Desktop/Workspace/RideRobot/testcases/Register.robot">
<kw name="Set Selenium Implicit Wait" library="SeleniumLibrary" type="setup">
<doc>Sets the implicit wait value used by Selenium.</doc>
<arguments>
<arg>${maximum_wait_time}</arg>
</arguments>
<status status="PASS" starttime="20220715 18:12:24.734" endtime="20220715 18:12:24.735"></status>
</kw>
<test id="s1-t1" name="Verify that register page display email, password and confirm password fields">
<kw name="Open Tops website" library="Register_Keywords" type="setup">
<kw name="Open Browser" library="SeleniumLibrary">
<doc>Opens a new browser instance to the optional ``url``.</doc>
<arguments>
<arg>${tops_uat_url}</arg>
<arg>chrome</arg>
</arguments>
<msg timestamp="20220715 18:12:24.736" level="INFO">Opening browser 'chrome' to base url 'https://uat.tops.co.th/en/'.</msg>
<status status="PASS" starttime="20220715 18:12:24.736" endtime="20220715 18:12:30.197"></status>
</kw>
<kw name="Maximize Browser Window" library="SeleniumLibrary">
<doc>Maximizes current browser window.</doc>
<status status="PASS" starttime="20220715 18:12:30.197" endtime="20220715 18:12:30.398"></status>
</kw>
<status status="PASS" starttime="20220715 18:12:24.735" endtime="20220715 18:12:30.399"></status>
</kw>
<kw name="Given TOPS website is open" library="Register_Keywords">
<kw name="Wait Until Element Is Visible" library="SeleniumLibrary">
<doc>Waits until the element ``locator`` is visible.</doc>
<arguments>
<arg>${tops_logo}</arg>
</arguments>
<status status="PASS" starttime="20220715 18:12:30.400" endtime="20220715 18:12:30.422"></status>
</kw>
<status status="PASS" starttime="20220715 18:12:30.399" endtime="20220715 18:12:30.423"></status>
</kw>
<kw name="When Register Tops member" library="Register_Keywords">
<kw name="Wait Until Element Is Visible" library="SeleniumLibrary">
<doc>Waits until the element ``locator`` is visible.</doc>
<arguments>
<arg>${register_btn}</arg>
</arguments>
<status status="PASS" starttime="20220715 18:12:30.423" endtime="20220715 18:12:30.442"></status>
</kw>
<kw name="Click Element" library="SeleniumLibrary">
<doc>Click the element identified by ``locator``.</doc>
<arguments>
<arg>${register_btn}</arg>
</arguments>
<msg timestamp="20220715 18:12:30.442" level="INFO">Clicking element '//*[@id="layout"]/div[2]/div[1]/div[2]/div[3]/div[2]/div[2]/button[2]'.</msg>
<status status="PASS" starttime="20220715 18:12:30.442" endtime="20220715 18:12:30.491"></status>
</kw>
<status status="PASS" starttime="20220715 18:12:30.423" endtime="20220715 18:12:30.492"></status>
</kw>
<kw name="Then Verify register page" library="Register_Keywords">
<kw name="Wait Until Element Is Visible" library="SeleniumLibrary">
<doc>Waits until the element ``locator`` is visible.</doc>
<arguments>
<arg>${register_already_account_txt}</arg>
</arguments>
<status status="PASS" starttime="20220715 18:12:30.492" endtime="20220715 18:12:30.642"></status>
</kw>
<kw name="Get Text" library="SeleniumLibrary">
<doc>Returns the text value of the element identified by ``locator``.</doc>
<arguments>
<arg>${register_already_account_txt}</arg>
</arguments>
<assign>
<var>${already_account_txt}</var>
</assign>
<msg timestamp="20220715 18:12:30.657" level="INFO">${already_account_txt} = Already have an account? Login</msg>
<status status="PASS" starttime="20220715 18:12:30.642" endtime="20220715 18:12:30.657"></status>
</kw>
<kw name="Log To Console" library="BuiltIn">
<doc>Logs the given message to the console.</doc>
<arguments>
<arg>${already_account_txt}</arg>
</arguments>
<status status="PASS" starttime="20220715 18:12:30.658" endtime="20220715 18:12:30.658"></status>
</kw>
<kw name="Should Be Equal" library="BuiltIn">
<doc>Fails if the given objects are unequal.</doc>
<arguments>
<arg>${already_account_txt}</arg>
<arg>${expected_already_account_txt}</arg>
</arguments>
<status status="PASS" starttime="20220715 18:12:30.658" endtime="20220715 18:12:30.658"></status>
</kw>
<status status="PASS" starttime="20220715 18:12:30.492" endtime="20220715 18:12:30.659"></status>
</kw>
<kw name="Close Browser" library="SeleniumLibrary" type="teardown">
<doc>Closes the current browser.</doc>
<status status="PASS" starttime="20220715 18:12:30.659" endtime="20220715 18:12:30.777"></status>
</kw>
<doc>Non-critical test case</doc>
<tags>
<tag>Register</tag>
<tag>Register_by_Email</tag>
</tags>
<timeout value="30 seconds"></timeout>
<status status="PASS" starttime="20220715 18:12:24.735" endtime="20220715 18:12:30.777" critical="no"></status>
</test>
<test id="s1-t2" name="Verify that error message shown when user fill in incorrect email format">
<kw name="Open Tops website" library="Register_Keywords" type="setup">
<kw name="Open Browser" library="SeleniumLibrary">
<doc>Opens a new browser instance to the optional ``url``.</doc>
<arguments>
<arg>${tops_uat_url}</arg>
<arg>chrome</arg>
</arguments>
<msg timestamp="20220715 18:12:30.781" level="INFO">Opening browser 'chrome' to base url 'https://uat.tops.co.th/en/'.</msg>
<status status="PASS" starttime="20220715 18:12:30.780" endtime="20220715 18:12:35.725"></status>
</kw>
<kw name="Maximize Browser Window" library="SeleniumLibrary">
<doc>Maximizes current browser window.</doc>
<status status="PASS" starttime="20220715 18:12:35.726" endtime="20220715 18:12:35.928"></status>
</kw>
<status status="PASS" starttime="20220715 18:12:30.780" endtime="20220715 18:12:35.928"></status>
</kw>
<kw name="Given TOPS website is open" library="Register_Keywords">
<kw name="Wait Until Element Is Visible" library="SeleniumLibrary">
<doc>Waits until the element ``locator`` is visible.</doc>
<arguments>
<arg>${tops_logo}</arg>
</arguments>
<status status="PASS" starttime="20220715 18:12:35.929" endtime="20220715 18:12:35.950"></status>
</kw>
<status status="PASS" starttime="20220715 18:12:35.928" endtime="20220715 18:12:35.950"></status>
</kw>
<kw name="When Register Tops member" library="Register_Keywords">
<kw name="Wait Until Element Is Visible" library="SeleniumLibrary">
<doc>Waits until the element ``locator`` is visible.</doc>
<arguments>
<arg>${register_btn}</arg>
</arguments>
<status status="PASS" starttime="20220715 18:12:35.951" endtime="20220715 18:12:35.970"></status>
</kw>
<kw name="Click Element" library="SeleniumLibrary">
<doc>Click the element identified by ``locator``.</doc>
<arguments>
<arg>${register_btn}</arg>
</arguments>
<msg timestamp="20220715 18:12:35.971" level="INFO">Clicking element '//*[@id="layout"]/div[2]/div[1]/div[2]/div[3]/div[2]/div[2]/button[2]'.</msg>
<status status="PASS" starttime="20220715 18:12:35.970" endtime="20220715 18:12:36.026"></status>
</kw>
<status status="PASS" starttime="20220715 18:12:35.951" endtime="20220715 18:12:36.026"></status>
</kw>
<kw name="And Fill register data" library="Register_Keywords">
<kw name="Wait Until Element Is Visible" library="SeleniumLibrary">
<doc>Waits until the element ``locator`` is visible.</doc>
<arguments>
<arg>${register_enter_email}</arg>
</arguments>
<status status="PASS" starttime="20220715 18:12:36.027" endtime="20220715 18:12:36.188"></status>
</kw>
<kw name="Input Text" library="SeleniumLibrary">
<doc>Types the given ``text`` into the text field identified by ``locator``.</doc>
<arguments>
<arg>${register_enter_email}</arg>
<arg>${incorrect_email_info}</arg>
</arguments>
<msg timestamp="20220715 18:12:36.189" level="INFO">Typing text 'nuk6395gmail.com' into text field '//input[@name='email']'.</msg>
<status status="PASS" starttime="20220715 18:12:36.189" endtime="20220715 18:12:36.566"></status>
</kw>
<kw name="Input Text" library="SeleniumLibrary">
<doc>Types the given ``text`` into the text field identified by ``locator``.</doc>
<arguments>
<arg>${register_enter_password}</arg>
<arg>${password_login_info}</arg>
</arguments>
<msg timestamp="20220715 18:12:36.567" level="INFO">Typing text 'Nuk639597899' into text field '//input[@name='password']'.</msg>
<status status="PASS" starttime="20220715 18:12:36.566" endtime="20220715 18:12:36.777"></status>
</kw>
<kw name="Input Text" library="SeleniumLibrary">
<doc>Types the given ``text`` into the text field identified by ``locator``.</doc>
<arguments>
<arg>${register_enter_confirm_password}</arg>
<arg>${password_login_info}</arg>
</arguments>
<msg timestamp="20220715 18:12:36.777" level="INFO">Typing text 'Nuk639597899' into text field '//input[@name='confirmPass']'.</msg>
<status status="PASS" starttime="20220715 18:12:36.777" endtime="20220715 18:12:36.966"></status>
</kw>
<kw name="Click Element" library="SeleniumLibrary">
<doc>Click the element identified by ``locator``.</doc>
<arguments>
<arg>${register_by_email_btn}</arg>
</arguments>
<msg timestamp="20220715 18:12:36.966" level="INFO">Clicking element '//button[@type='submit']'.</msg>
<status status="PASS" starttime="20220715 18:12:36.966" endtime="20220715 18:12:36.999"></status>
</kw>
<status status="PASS" starttime="20220715 18:12:36.027" endtime="20220715 18:12:36.999"></status>
</kw>
<kw name="Then Verify register error message of email" library="Register_Keywords">
<kw name="Wait Until Element Is Visible" library="SeleniumLibrary">
<doc>Waits until the element ``locator`` is visible.</doc>
<arguments>
<arg>${register_email_error}</arg>
</arguments>
<status status="PASS" starttime="20220715 18:12:36.999" endtime="20220715 18:12:37.014"></status>
</kw>
<kw name="Get Text" library="SeleniumLibrary">
<doc>Returns the text value of the element identified by ``locator``.</doc>
<arguments>
<arg>${register_email_error}</arg>
</arguments>
<assign>
<var>${actual_register_email_error}</var>
</assign>
<msg timestamp="20220715 18:12:37.029" level="INFO">${actual_register_email_error} = You have entered an invalid email.</msg>
<status status="PASS" starttime="20220715 18:12:37.014" endtime="20220715 18:12:37.029"></status>
</kw>
<kw name="Log To Console" library="BuiltIn">
<doc>Logs the given message to the console.</doc>
<arguments>
<arg>${actual_register_email_error}</arg>
</arguments>
<status status="PASS" starttime="20220715 18:12:37.029" endtime="20220715 18:12:37.029"></status>
</kw>
<kw name="Should Be Equal" library="BuiltIn">
<doc>Fails if the given objects are unequal.</doc>
<arguments>
<arg>${actual_register_email_error}</arg>
<arg>${expected_register_email_error}</arg>
</arguments>
<msg timestamp="20220715 18:12:37.030" level="FAIL">You have entered an invalid email. != You have entered an invalid email</msg>
<status status="FAIL" starttime="20220715 18:12:37.030" endtime="20220715 18:12:37.030"></status>
</kw>
<status status="FAIL" starttime="20220715 18:12:36.999" endtime="20220715 18:12:37.030"></status>
</kw>
<kw name="Close Browser" library="SeleniumLibrary" type="teardown">
<doc>Closes the current browser.</doc>
<status status="PASS" starttime="20220715 18:12:37.031" endtime="20220715 18:12:37.155"></status>
</kw>
<doc>Critical test case</doc>
<tags>
<tag>Critical</tag>
<tag>Register</tag>
<tag>Register_by_Email</tag>
</tags>
<timeout value="30 seconds"></timeout>
<status status="FAIL" starttime="20220715 18:12:30.778" endtime="20220715 18:12:37.156" critical="yes">You have entered an invalid email. != You have entered an invalid email</status>
</test>
<test id="s1-t3" name="Verify that the next button is disabled when user do not fill in any information">
<kw name="Open Tops website" library="Register_Keywords" type="setup">
<kw name="Open Browser" library="SeleniumLibrary">
<doc>Opens a new browser instance to the optional ``url``.</doc>
<arguments>
<arg>${tops_uat_url}</arg>
<arg>chrome</arg>
</arguments>
<msg timestamp="20220715 18:12:37.161" level="INFO">Opening browser 'chrome' to base url 'https://uat.tops.co.th/en/'.</msg>
<status status="PASS" starttime="20220715 18:12:37.160" endtime="20220715 18:12:41.752"></status>
</kw>
<kw name="Maximize Browser Window" library="SeleniumLibrary">
<doc>Maximizes current browser window.</doc>
<status status="PASS" starttime="20220715 18:12:41.753" endtime="20220715 18:12:41.954"></status>
</kw>
<status status="PASS" starttime="20220715 18:12:37.159" endtime="20220715 18:12:41.955"></status>
</kw>
<kw name="Given TOPS website is open" library="Register_Keywords">
<kw name="Wait Until Element Is Visible" library="SeleniumLibrary">
<doc>Waits until the element ``locator`` is visible.</doc>
<arguments>
<arg>${tops_logo}</arg>
</arguments>
<status status="PASS" starttime="20220715 18:12:41.956" endtime="20220715 18:12:41.978"></status>
</kw>
<status status="PASS" starttime="20220715 18:12:41.955" endtime="20220715 18:12:41.979"></status>
</kw>
<kw name="When Register Tops member" library="Register_Keywords">
<kw name="Wait Until Element Is Visible" library="SeleniumLibrary">
<doc>Waits until the element ``locator`` is visible.</doc>
<arguments>
<arg>${register_btn}</arg>
</arguments>
<status status="PASS" starttime="20220715 18:12:41.979" endtime="20220715 18:12:41.998"></status>
</kw>
<kw name="Click Element" library="SeleniumLibrary">
<doc>Click the element identified by ``locator``.</doc>
<arguments>
<arg>${register_btn}</arg>
</arguments>
<msg timestamp="20220715 18:12:41.998" level="INFO">Clicking element '//*[@id="layout"]/div[2]/div[1]/div[2]/div[3]/div[2]/div[2]/button[2]'.</msg>
<status status="PASS" starttime="20220715 18:12:41.998" endtime="20220715 18:12:42.057"></status>
</kw>
<status status="PASS" starttime="20220715 18:12:41.979" endtime="20220715 18:12:42.057"></status>
</kw>
<kw name="Then Verify register by email disable button" library="Register_Keywords">
<kw name="Wait Until Element Is Visible" library="SeleniumLibrary">
<doc>Waits until the element ``locator`` is visible.</doc>
<arguments>
<arg>${register_by_email_btn}</arg>
</arguments>
<status status="PASS" starttime="20220715 18:12:42.058" endtime="20220715 18:12:42.216"></status>
</kw>
<kw name="Click Element" library="SeleniumLibrary">
<doc>Click the element identified by ``locator``.</doc>
<arguments>
<arg>${register_by_email_btn}</arg>
</arguments>
<msg timestamp="20220715 18:12:42.216" level="INFO">Clicking element '//button[@type='submit']'.</msg>
<status status="PASS" starttime="20220715 18:12:42.216" endtime="20220715 18:12:42.279"></status>
</kw>
<kw name="Element Should Be Disabled" library="SeleniumLibrary">
<doc>Verifies that element identified by ``locator`` is disabled.</doc>
<arguments>
<arg>${register_by_email_btn}</arg>
</arguments>
<status status="PASS" starttime="20220715 18:12:42.279" endtime="20220715 18:12:42.294"></status>
</kw>
<status status="PASS" starttime="20220715 18:12:42.058" endtime="20220715 18:12:42.294"></status>
</kw>
<kw name="Close Browser" library="SeleniumLibrary" type="teardown">
<doc>Closes the current browser.</doc>
<status status="PASS" starttime="20220715 18:12:42.294" endtime="20220715 18:12:42.411"></status>
</kw>
<doc>Non-critical test case</doc>
<tags>
<tag>Register</tag>
<tag>Register_by_Email</tag>
</tags>
<timeout value="30 seconds"></timeout>
<status status="PASS" starttime="20220715 18:12:37.157" endtime="20220715 18:12:42.411" critical="no"></status>
</test>
<test id="s1-t4" name="Verify that after register success app will display success page">
<kw name="Open Tops website" library="Register_Keywords" type="setup">
<kw name="Open Browser" library="SeleniumLibrary">
<doc>Opens a new browser instance to the optional ``url``.</doc>
<arguments>
<arg>${tops_uat_url}</arg>
<arg>chrome</arg>
</arguments>
<msg timestamp="20220715 18:12:42.414" level="INFO">Opening browser 'chrome' to base url 'https://uat.tops.co.th/en/'.</msg>
<status status="PASS" starttime="20220715 18:12:42.414" endtime="20220715 18:12:47.137"></status>
</kw>
<kw name="Maximize Browser Window" library="SeleniumLibrary">
<doc>Maximizes current browser window.</doc>
<status status="PASS" starttime="20220715 18:12:47.137" endtime="20220715 18:12:47.347"></status>
</kw>
<status status="PASS" starttime="20220715 18:12:42.414" endtime="20220715 18:12:47.347"></status>
</kw>
<kw name="Given TOPS website is open" library="Register_Keywords">
<kw name="Wait Until Element Is Visible" library="SeleniumLibrary">
<doc>Waits until the element ``locator`` is visible.</doc>
<arguments>
<arg>${tops_logo}</arg>
</arguments>
<status status="PASS" starttime="20220715 18:12:47.348" endtime="20220715 18:12:47.373"></status>
</kw>
<status status="PASS" starttime="20220715 18:12:47.348" endtime="20220715 18:12:47.373"></status>
</kw>
<kw name="When Register Tops member success" library="Register_Keywords">
<kw name="Wait Until Element Is Visible" library="SeleniumLibrary">
<doc>Waits until the element ``locator`` is visible.</doc>
<arguments>
<arg>${register_btn}</arg>
</arguments>
<status status="PASS" starttime="20220715 18:12:47.374" endtime="20220715 18:12:47.393"></status>
</kw>
<kw name="Click Element" library="SeleniumLibrary">
<doc>Click the element identified by ``locator``.</doc>
<arguments>
<arg>${register_btn}</arg>
</arguments>
<msg timestamp="20220715 18:12:47.394" level="INFO">Clicking element '//*[@id="layout"]/div[2]/div[1]/div[2]/div[3]/div[2]/div[2]/button[2]'.</msg>
<status status="PASS" starttime="20220715 18:12:47.393" endtime="20220715 18:12:47.448"></status>
</kw>
<kw name="Wait Until Element Is Visible" library="SeleniumLibrary">
<doc>Waits until the element ``locator`` is visible.</doc>
<arguments>
<arg>${register_enter_email}</arg>
</arguments>
<status status="PASS" starttime="20220715 18:12:47.448" endtime="20220715 18:12:47.605"></status>
</kw>
<kw name="Generate email info" library="Register_Keywords">
<kw name="Generate Random String" library="String">
<doc>Generates a string with a desired ``length`` from the given ``chars``.</doc>
<arguments>
<arg>4</arg>
<arg>[NUMBERS]</arg>
</arguments>
<assign>
<var>${random_string}</var>
</assign>
<msg timestamp="20220715 18:12:47.605" level="INFO">${random_string} = 4946</msg>
<status status="PASS" starttime="20220715 18:12:47.605" endtime="20220715 18:12:47.606"></status>
</kw>
<kw name="Set Variable" library="BuiltIn">
<doc>Returns the given values which can then be assigned to a variables.</doc>
<arguments>
<arg>nuk6395+${random_string}@gmail.com</arg>
</arguments>
<assign>
<var>${random_email}</var>
</assign>
<msg timestamp="20220715 18:12:47.606" level="INFO">${random_email} = nuk6395+4946@gmail.com</msg>
<status status="PASS" starttime="20220715 18:12:47.606" endtime="20220715 18:12:47.606"></status>
</kw>
<kw name="Set Test Variable" library="BuiltIn">
<doc>Makes a variable available everywhere within the scope of the current test.</doc>
<arguments>
<arg>${random_email}</arg>
</arguments>
<msg timestamp="20220715 18:12:47.607" level="INFO">${random_email} = nuk6395+4946@gmail.com</msg>
<status status="PASS" starttime="20220715 18:12:47.606" endtime="20220715 18:12:47.607"></status>
</kw>
<status status="PASS" starttime="20220715 18:12:47.605" endtime="20220715 18:12:47.607"></status>
</kw>
<kw name="Input Text" library="SeleniumLibrary">
<doc>Types the given ``text`` into the text field identified by ``locator``.</doc>
<arguments>
<arg>${register_enter_email}</arg>
<arg>${random_email}</arg>
</arguments>
<msg timestamp="20220715 18:12:47.607" level="INFO">Typing text 'nuk6395+4946@gmail.com' into text field '//input[@name='email']'.</msg>
<status status="PASS" starttime="20220715 18:12:47.607" endtime="20220715 18:12:48.029"></status>
</kw>
<kw name="Input Text" library="SeleniumLibrary">
<doc>Types the given ``text`` into the text field identified by ``locator``.</doc>
<arguments>
<arg>${register_enter_password}</arg>
<arg>${password_login_info}</arg>
</arguments>
<msg timestamp="20220715 18:12:48.030" level="INFO">Typing text 'Nuk639597899' into text field '//input[@name='password']'.</msg>
<status status="PASS" starttime="20220715 18:12:48.029" endtime="20220715 18:12:48.231"></status>
</kw>
<kw name="Input Text" library="SeleniumLibrary">
<doc>Types the given ``text`` into the text field identified by ``locator``.</doc>
<arguments>
<arg>${register_enter_confirm_password}</arg>
<arg>${password_login_info}</arg>
</arguments>
<msg timestamp="20220715 18:12:48.232" level="INFO">Typing text 'Nuk639597899' into text field '//input[@name='confirmPass']'.</msg>
<status status="PASS" starttime="20220715 18:12:48.231" endtime="20220715 18:12:48.422"></status>
</kw>
<kw name="Wait Until Element Is Enabled" library="SeleniumLibrary">
<doc>Waits until the element ``locator`` is enabled.</doc>
<arguments>
<arg>${register_by_email_btn}</arg>
</arguments>
<status status="PASS" starttime="20220715 18:12:48.422" endtime="20220715 18:12:48.448"></status>
</kw>
<kw name="Click Element" library="SeleniumLibrary">
<doc>Click the element identified by ``locator``.</doc>
<arguments>
<arg>${register_by_email_btn}</arg>
</arguments>
<msg timestamp="20220715 18:12:48.448" level="INFO">Clicking element '//button[@type='submit']'.</msg>
<status status="PASS" starttime="20220715 18:12:48.448" endtime="20220715 18:12:48.517"></status>
</kw>
<kw name="Wait Until Element Is Visible" library="SeleniumLibrary">
<doc>Waits until the element ``locator`` is visible.</doc>
<arguments>
<arg>${register_success_ok_btn}</arg>
</arguments>
<status status="PASS" starttime="20220715 18:12:48.517" endtime="20220715 18:12:53.214"></status>
</kw>
<status status="PASS" starttime="20220715 18:12:47.374" endtime="20220715 18:12:53.214"></status>
</kw>
<kw name="Then Verify register EN success message" library="Register_Keywords">
<kw name="Wait Until Element Is Visible" library="SeleniumLibrary">
<doc>Waits until the element ``locator`` is visible.</doc>
<arguments>
<arg>${register_success_txt}</arg>
</arguments>
<status status="PASS" starttime="20220715 18:12:53.215" endtime="20220715 18:12:53.230"></status>
</kw>
<kw name="Get Text" library="SeleniumLibrary">
<doc>Returns the text value of the element identified by ``locator``.</doc>
<arguments>
<arg>${register_success_txt}</arg>
</arguments>
<assign>
<var>${register_success_actual_EN_txt}</var>
</assign>
<msg timestamp="20220715 18:12:53.244" level="INFO">${register_success_actual_EN_txt} = Just one last step!
Please check your email to activate your account.</msg>
<status status="PASS" starttime="20220715 18:12:53.230" endtime="20220715 18:12:53.244"></status>
</kw>
<kw name="Replace String" library="String">
<doc>Replaces ``search_for`` in the given ``string`` with ``replace_with``.</doc>
<arguments>
<arg>${register_success_actual_EN_txt}</arg>
<arg>\n</arg>
<arg>${EMPTY}</arg>
</arguments>
<assign>
<var>${register_success_actual_EN_txt}</var>
</assign>
<msg timestamp="20220715 18:12:53.244" level="INFO">${register_success_actual_EN_txt} = Just one last step!Please check your email to activate your account.</msg>
<status status="PASS" starttime="20220715 18:12:53.244" endtime="20220715 18:12:53.244"></status>
</kw>
<kw name="Log To Console" library="BuiltIn">
<doc>Logs the given message to the console.</doc>
<arguments>
<arg>${register_success_actual_EN_txt}</arg>
</arguments>
<status status="PASS" starttime="20220715 18:12:53.244" endtime="20220715 18:12:53.245"></status>
</kw>
<kw name="Should Be Equal" library="BuiltIn">
<doc>Fails if the given objects are unequal.</doc>
<arguments>
<arg>${register_success_actual_EN_txt}</arg>
<arg>${register_success_expected_EN_txt}</arg>
</arguments>
<status status="PASS" starttime="20220715 18:12:53.245" endtime="20220715 18:12:53.245"></status>
</kw>
<status status="PASS" starttime="20220715 18:12:53.214" endtime="20220715 18:12:53.245"></status>
</kw>
<kw name="Close Browser" library="SeleniumLibrary" type="teardown">
<doc>Closes the current browser.</doc>
<status status="PASS" starttime="20220715 18:12:53.245" endtime="20220715 18:12:53.375"></status>
</kw>
<doc>Non-critical test case</doc>
<tags>
<tag>Register</tag>
<tag>Register_success_page</tag>
</tags>
<timeout value="30 seconds"></timeout>
<status status="PASS" starttime="20220715 18:12:42.413" endtime="20220715 18:12:53.376" critical="no"></status>
</test>
<test id="s1-t5" name="Verify that Success page support both EN and TH">
<kw name="Open Tops website" library="Register_Keywords" type="setup">
<kw name="Open Browser" library="SeleniumLibrary">
<doc>Opens a new browser instance to the optional ``url``.</doc>
<arguments>
<arg>${tops_uat_url}</arg>
<arg>chrome</arg>
</arguments>
<msg timestamp="20220715 18:12:53.380" level="INFO">Opening browser 'chrome' to base url 'https://uat.tops.co.th/en/'.</msg>
<status status="PASS" starttime="20220715 18:12:53.380" endtime="20220715 18:12:58.139"></status>
</kw>
<kw name="Maximize Browser Window" library="SeleniumLibrary">
<doc>Maximizes current browser window.</doc>
<status status="PASS" starttime="20220715 18:12:58.139" endtime="20220715 18:12:58.338"></status>
</kw>
<status status="PASS" starttime="20220715 18:12:53.379" endtime="20220715 18:12:58.338"></status>
</kw>
<kw name="Given TOPS website is open" library="Register_Keywords">
<kw name="Wait Until Element Is Visible" library="SeleniumLibrary">
<doc>Waits until the element ``locator`` is visible.</doc>
<arguments>
<arg>${tops_logo}</arg>
</arguments>
<status status="PASS" starttime="20220715 18:12:58.339" endtime="20220715 18:12:58.379"></status>
</kw>
<status status="PASS" starttime="20220715 18:12:58.339" endtime="20220715 18:12:58.379"></status>
</kw>
<kw name="When Register Tops member success" library="Register_Keywords">
<kw name="Wait Until Element Is Visible" library="SeleniumLibrary">
<doc>Waits until the element ``locator`` is visible.</doc>
<arguments>
<arg>${register_btn}</arg>
</arguments>
<status status="PASS" starttime="20220715 18:12:58.380" endtime="20220715 18:12:58.400"></status>
</kw>
<kw name="Click Element" library="SeleniumLibrary">
<doc>Click the element identified by ``locator``.</doc>
<arguments>
<arg>${register_btn}</arg>
</arguments>
<msg timestamp="20220715 18:12:58.400" level="INFO">Clicking element '//*[@id="layout"]/div[2]/div[1]/div[2]/div[3]/div[2]/div[2]/button[2]'.</msg>
<status status="PASS" starttime="20220715 18:12:58.400" endtime="20220715 18:12:58.476"></status>
</kw>
<kw name="Wait Until Element Is Visible" library="SeleniumLibrary">
<doc>Waits until the element ``locator`` is visible.</doc>
<arguments>
<arg>${register_enter_email}</arg>
</arguments>
<status status="PASS" starttime="20220715 18:12:58.476" endtime="20220715 18:12:58.613"></status>
</kw>
<kw name="Generate email info" library="Register_Keywords">
<kw name="Generate Random String" library="String">
<doc>Generates a string with a desired ``length`` from the given ``chars``.</doc>
<arguments>
<arg>4</arg>
<arg>[NUMBERS]</arg>
</arguments>
<assign>
<var>${random_string}</var>
</assign>
<msg timestamp="20220715 18:12:58.614" level="INFO">${random_string} = 6899</msg>
<status status="PASS" starttime="20220715 18:12:58.614" endtime="20220715 18:12:58.614"></status>
</kw>
<kw name="Set Variable" library="BuiltIn">
<doc>Returns the given values which can then be assigned to a variables.</doc>
<arguments>
<arg>nuk6395+${random_string}@gmail.com</arg>
</arguments>
<assign>
<var>${random_email}</var>
</assign>
<msg timestamp="20220715 18:12:58.614" level="INFO">${random_email} = nuk6395+6899@gmail.com</msg>
<status status="PASS" starttime="20220715 18:12:58.614" endtime="20220715 18:12:58.614"></status>
</kw>
<kw name="Set Test Variable" library="BuiltIn">
<doc>Makes a variable available everywhere within the scope of the current test.</doc>
<arguments>
<arg>${random_email}</arg>
</arguments>
<msg timestamp="20220715 18:12:58.615" level="INFO">${random_email} = nuk6395+6899@gmail.com</msg>
<status status="PASS" starttime="20220715 18:12:58.615" endtime="20220715 18:12:58.615"></status>
</kw>
<status status="PASS" starttime="20220715 18:12:58.613" endtime="20220715 18:12:58.616"></status>
</kw>
<kw name="Input Text" library="SeleniumLibrary">
<doc>Types the given ``text`` into the text field identified by ``locator``.</doc>
<arguments>
<arg>${register_enter_email}</arg>
<arg>${random_email}</arg>
</arguments>
<msg timestamp="20220715 18:12:58.616" level="INFO">Typing text 'nuk6395+6899@gmail.com' into text field '//input[@name='email']'.</msg>
<status status="PASS" starttime="20220715 18:12:58.616" endtime="20220715 18:12:59.053"></status>
</kw>
<kw name="Input Text" library="SeleniumLibrary">
<doc>Types the given ``text`` into the text field identified by ``locator``.</doc>
<arguments>
<arg>${register_enter_password}</arg>
<arg>${password_login_info}</arg>
</arguments>
<msg timestamp="20220715 18:12:59.054" level="INFO">Typing text 'Nuk639597899' into text field '//input[@name='password']'.</msg>
<status status="PASS" starttime="20220715 18:12:59.053" endtime="20220715 18:12:59.258"></status>
</kw>
<kw name="Input Text" library="SeleniumLibrary">
<doc>Types the given ``text`` into the text field identified by ``locator``.</doc>
<arguments>
<arg>${register_enter_confirm_password}</arg>
<arg>${password_login_info}</arg>
</arguments>
<msg timestamp="20220715 18:12:59.258" level="INFO">Typing text 'Nuk639597899' into text field '//input[@name='confirmPass']'.</msg>
<status status="PASS" starttime="20220715 18:12:59.258" endtime="20220715 18:12:59.451"></status>
</kw>
<kw name="Wait Until Element Is Enabled" library="SeleniumLibrary">
<doc>Waits until the element ``locator`` is enabled.</doc>
<arguments>
<arg>${register_by_email_btn}</arg>
</arguments>
<status status="PASS" starttime="20220715 18:12:59.451" endtime="20220715 18:12:59.475"></status>
</kw>
<kw name="Click Element" library="SeleniumLibrary">
<doc>Click the element identified by ``locator``.</doc>
<arguments>
<arg>${register_by_email_btn}</arg>
</arguments>
<msg timestamp="20220715 18:12:59.475" level="INFO">Clicking element '//button[@type='submit']'.</msg>
<status status="PASS" starttime="20220715 18:12:59.475" endtime="20220715 18:12:59.545"></status>
</kw>
<kw name="Wait Until Element Is Visible" library="SeleniumLibrary">
<doc>Waits until the element ``locator`` is visible.</doc>
<arguments>
<arg>${register_success_ok_btn}</arg>
</arguments>
<status status="PASS" starttime="20220715 18:12:59.545" endtime="20220715 18:13:02.702"></status>
</kw>
<status status="PASS" starttime="20220715 18:12:58.379" endtime="20220715 18:13:02.702"></status>
</kw>
<kw name="Then Verify register EN success message" library="Register_Keywords">
<kw name="Wait Until Element Is Visible" library="SeleniumLibrary">
<doc>Waits until the element ``locator`` is visible.</doc>
<arguments>
<arg>${register_success_txt}</arg>
</arguments>
<status status="PASS" starttime="20220715 18:13:02.702" endtime="20220715 18:13:02.718"></status>
</kw>
<kw name="Get Text" library="SeleniumLibrary">
<doc>Returns the text value of the element identified by ``locator``.</doc>
<arguments>
<arg>${register_success_txt}</arg>
</arguments>
<assign>
<var>${register_success_actual_EN_txt}</var>
</assign>
<msg timestamp="20220715 18:13:02.731" level="INFO">${register_success_actual_EN_txt} = Just one last step!
Please check your email to activate your account.</msg>
<status status="PASS" starttime="20220715 18:13:02.718" endtime="20220715 18:13:02.731"></status>
</kw>
<kw name="Replace String" library="String">
<doc>Replaces ``search_for`` in the given ``string`` with ``replace_with``.</doc>
<arguments>
<arg>${register_success_actual_EN_txt}</arg>
<arg>\n</arg>
<arg>${EMPTY}</arg>
</arguments>
<assign>
<var>${register_success_actual_EN_txt}</var>
</assign>
<msg timestamp="20220715 18:13:02.732" level="INFO">${register_success_actual_EN_txt} = Just one last step!Please check your email to activate your account.</msg>
<status status="PASS" starttime="20220715 18:13:02.732" endtime="20220715 18:13:02.732"></status>
</kw>
<kw name="Log To Console" library="BuiltIn">
<doc>Logs the given message to the console.</doc>
<arguments>
<arg>${register_success_actual_EN_txt}</arg>
</arguments>
<status status="PASS" starttime="20220715 18:13:02.732" endtime="20220715 18:13:02.732"></status>
</kw>
<kw name="Should Be Equal" library="BuiltIn">
<doc>Fails if the given objects are unequal.</doc>
<arguments>
<arg>${register_success_actual_EN_txt}</arg>
<arg>${register_success_expected_EN_txt}</arg>
</arguments>
<status status="PASS" starttime="20220715 18:13:02.732" endtime="20220715 18:13:02.733"></status>
</kw>
<status status="PASS" starttime="20220715 18:13:02.702" endtime="20220715 18:13:02.733"></status>
</kw>
<kw name="When Change language EN to TH in the register success page" library="Register_Keywords">
<kw name="Wait Until Element Is Visible" library="SeleniumLibrary">
<doc>Waits until the element ``locator`` is visible.</doc>
<arguments>
<arg>${TH_version_btn}</arg>
</arguments>
<status status="PASS" starttime="20220715 18:13:02.734" endtime="20220715 18:13:02.751"></status>
</kw>
<kw name="Sleep" library="BuiltIn">
<doc>Pauses the test executed for the given time.</doc>
<arguments>
<arg>5s</arg>
</arguments>
<msg timestamp="20220715 18:13:07.754" level="INFO">Slept 5 seconds</msg>
<status status="PASS" starttime="20220715 18:13:02.752" endtime="20220715 18:13:07.754"></status>
</kw>
<kw name="Click Element" library="SeleniumLibrary">
<doc>Click the element identified by ``locator``.</doc>
<arguments>
<arg>${TH_version_btn}</arg>
</arguments>
<msg timestamp="20220715 18:13:07.755" level="INFO">Clicking element '//span[@id='lnk-setLanguageDesktop-th']/p'.</msg>
<status status="PASS" starttime="20220715 18:13:07.754" endtime="20220715 18:13:08.936"></status>
</kw>
<kw name="Get Text" library="SeleniumLibrary">
<doc>Returns the text value of the element identified by ``locator``.</doc>
<arguments>
<arg>${register_success_txt}</arg>
</arguments>
<assign>
<var>${text}</var>
</assign>
<msg timestamp="20220715 18:13:08.958" level="INFO">${text} = ถึงขั้นตอนสุดท้ายแล้ว!
กรุณาเช็คอีเมลเพื่อยืนยันการสมัคร</msg>
<status status="PASS" starttime="20220715 18:13:08.936" endtime="20220715 18:13:08.959"></status>
</kw>
<kw name="Log To Console" library="BuiltIn">
<doc>Logs the given message to the console.</doc>
<arguments>
<arg>After change th TH ${text}</arg>
</arguments>
<status status="PASS" starttime="20220715 18:13:08.959" endtime="20220715 18:13:08.959"></status>
</kw>
<status status="PASS" starttime="20220715 18:13:02.733" endtime="20220715 18:13:08.959"></status>
</kw>
<kw name="Then Verify register TH success message" library="Register_Keywords">
<kw name="Wait Until Element Is Visible" library="SeleniumLibrary">
<doc>Waits until the element ``locator`` is visible.</doc>
<arguments>
<arg>${register_success_txt}</arg>
</arguments>
<status status="PASS" starttime="20220715 18:13:08.960" endtime="20220715 18:13:08.972"></status>
</kw>
<kw name="Get Text" library="SeleniumLibrary">
<doc>Returns the text value of the element identified by ``locator``.</doc>
<arguments>
<arg>${register_success_txt}</arg>
</arguments>
<assign>
<var>${register_success_actual_TH_txt}</var>
</assign>
<msg timestamp="20220715 18:13:08.982" level="INFO">${register_success_actual_TH_txt} = ถึงขั้นตอนสุดท้ายแล้ว!
กรุณาเช็คอีเมลเพื่อยืนยันการสมัคร</msg>
<status status="PASS" starttime="20220715 18:13:08.972" endtime="20220715 18:13:08.982"></status>
</kw>
<kw name="Replace String" library="String">
<doc>Replaces ``search_for`` in the given ``string`` with ``replace_with``.</doc>
<arguments>
<arg>${register_success_actual_TH_txt}</arg>
<arg>\n</arg>
<arg>${EMPTY}</arg>
</arguments>
<assign>
<var>${register_success_actual_TH_txt}</var>
</assign>
<msg timestamp="20220715 18:13:08.982" level="INFO">${register_success_actual_TH_txt} = ถึงขั้นตอนสุดท้ายแล้ว!กรุณาเช็คอีเมลเพื่อยืนยันการสมัคร</msg>
<status status="PASS" starttime="20220715 18:13:08.982" endtime="20220715 18:13:08.982"></status>
</kw>
<kw name="Log To Console" library="BuiltIn">
<doc>Logs the given message to the console.</doc>
<arguments>
<arg>${register_success_actual_TH_txt}</arg>
</arguments>
<status status="PASS" starttime="20220715 18:13:08.982" endtime="20220715 18:13:08.983"></status>
</kw>
<kw name="Should Be Equal" library="BuiltIn">
<doc>Fails if the given objects are unequal.</doc>
<arguments>
<arg>${register_success_actual_TH_txt}</arg>
<arg>${register_success_expected_TH_txt}</arg>
</arguments>
<status status="PASS" starttime="20220715 18:13:08.983" endtime="20220715 18:13:08.983"></status>
</kw>
<status status="PASS" starttime="20220715 18:13:08.959" endtime="20220715 18:13:08.983"></status>
</kw>
<kw name="Close Browser" library="SeleniumLibrary" type="teardown">
<doc>Closes the current browser.</doc>
<status status="PASS" starttime="20220715 18:13:08.983" endtime="20220715 18:13:09.109"></status>
</kw>
<doc>Non-critical test case</doc>
<tags>
<tag>Register</tag>
<tag>Register_success_page</tag>
</tags>
<timeout value="30 seconds"></timeout>
<status status="PASS" starttime="20220715 18:12:53.377" endtime="20220715 18:13:09.109" critical="no"></status>
</test>
<test id="s1-t6" name="Verify that when customer click OK button system should redirect to homepage">
<kw name="Open Tops website" library="Register_Keywords" type="setup">
<kw name="Open Browser" library="SeleniumLibrary">
<doc>Opens a new browser instance to the optional ``url``.</doc>
<arguments>
<arg>${tops_uat_url}</arg>
<arg>chrome</arg>
</arguments>
<msg timestamp="20220715 18:13:09.113" level="INFO">Opening browser 'chrome' to base url 'https://uat.tops.co.th/en/'.</msg>
<status status="PASS" starttime="20220715 18:13:09.113" endtime="20220715 18:13:13.653"></status>
</kw>
<kw name="Maximize Browser Window" library="SeleniumLibrary">
<doc>Maximizes current browser window.</doc>
<status status="PASS" starttime="20220715 18:13:13.653" endtime="20220715 18:13:13.855"></status>
</kw>
<status status="PASS" starttime="20220715 18:13:09.112" endtime="20220715 18:13:13.855"></status>
</kw>
<kw name="Given TOPS website is open" library="Register_Keywords">
<kw name="Wait Until Element Is Visible" library="SeleniumLibrary">
<doc>Waits until the element ``locator`` is visible.</doc>
<arguments>
<arg>${tops_logo}</arg>
</arguments>
<status status="PASS" starttime="20220715 18:13:13.856" endtime="20220715 18:13:13.881"></status>
</kw>
<status status="PASS" starttime="20220715 18:13:13.856" endtime="20220715 18:13:13.881"></status>
</kw>
<kw name="When Register Tops member success" library="Register_Keywords">
<kw name="Wait Until Element Is Visible" library="SeleniumLibrary">
<doc>Waits until the element ``locator`` is visible.</doc>
<arguments>
<arg>${register_btn}</arg>
</arguments>
<status status="PASS" starttime="20220715 18:13:13.882" endtime="20220715 18:13:13.916"></status>
</kw>
<kw name="Click Element" library="SeleniumLibrary">
<doc>Click the element identified by ``locator``.</doc>
<arguments>
<arg>${register_btn}</arg>
</arguments>
<msg timestamp="20220715 18:13:13.916" level="INFO">Clicking element '//*[@id="layout"]/div[2]/div[1]/div[2]/div[3]/div[2]/div[2]/button[2]'.</msg>
<status status="PASS" starttime="20220715 18:13:13.916" endtime="20220715 18:13:13.996"></status>
</kw>
<kw name="Wait Until Element Is Visible" library="SeleniumLibrary">
<doc>Waits until the element ``locator`` is visible.</doc>
<arguments>
<arg>${register_enter_email}</arg>
</arguments>
<status status="PASS" starttime="20220715 18:13:13.996" endtime="20220715 18:13:14.138"></status>
</kw>
<kw name="Generate email info" library="Register_Keywords">
<kw name="Generate Random String" library="String">
<doc>Generates a string with a desired ``length`` from the given ``chars``.</doc>
<arguments>
<arg>4</arg>
<arg>[NUMBERS]</arg>
</arguments>
<assign>
<var>${random_string}</var>
</assign>
<msg timestamp="20220715 18:13:14.139" level="INFO">${random_string} = 1196</msg>
<status status="PASS" starttime="20220715 18:13:14.138" endtime="20220715 18:13:14.139"></status>
</kw>
<kw name="Set Variable" library="BuiltIn">
<doc>Returns the given values which can then be assigned to a variables.</doc>
<arguments>
<arg>nuk6395+${random_string}@gmail.com</arg>
</arguments>
<assign>
<var>${random_email}</var>
</assign>
<msg timestamp="20220715 18:13:14.139" level="INFO">${random_email} = nuk6395+1196@gmail.com</msg>
<status status="PASS" starttime="20220715 18:13:14.139" endtime="20220715 18:13:14.139"></status>
</kw>
<kw name="Set Test Variable" library="BuiltIn">
<doc>Makes a variable available everywhere within the scope of the current test.</doc>
<arguments>
<arg>${random_email}</arg>
</arguments>
<msg timestamp="20220715 18:13:14.143" level="INFO">${random_email} = nuk6395+1196@gmail.com</msg>
<status status="PASS" starttime="20220715 18:13:14.140" endtime="20220715 18:13:14.143"></status>
</kw>
<status status="PASS" starttime="20220715 18:13:14.138" endtime="20220715 18:13:14.143"></status>
</kw>
<kw name="Input Text" library="SeleniumLibrary">
<doc>Types the given ``text`` into the text field identified by ``locator``.</doc>
<arguments>
<arg>${register_enter_email}</arg>
<arg>${random_email}</arg>
</arguments>
<msg timestamp="20220715 18:13:14.144" level="INFO">Typing text 'nuk6395+1196@gmail.com' into text field '//input[@name='email']'.</msg>
<status status="PASS" starttime="20220715 18:13:14.143" endtime="20220715 18:13:14.576"></status>
</kw>
<kw name="Input Text" library="SeleniumLibrary">
<doc>Types the given ``text`` into the text field identified by ``locator``.</doc>
<arguments>
<arg>${register_enter_password}</arg>
<arg>${password_login_info}</arg>
</arguments>
<msg timestamp="20220715 18:13:14.577" level="INFO">Typing text 'Nuk639597899' into text field '//input[@name='password']'.</msg>
<status status="PASS" starttime="20220715 18:13:14.576" endtime="20220715 18:13:14.783"></status>
</kw>
<kw name="Input Text" library="SeleniumLibrary">
<doc>Types the given ``text`` into the text field identified by ``locator``.</doc>
<arguments>
<arg>${register_enter_confirm_password}</arg>
<arg>${password_login_info}</arg>
</arguments>
<msg timestamp="20220715 18:13:14.783" level="INFO">Typing text 'Nuk639597899' into text field '//input[@name='confirmPass']'.</msg>
<status status="PASS" starttime="20220715 18:13:14.783" endtime="20220715 18:13:14.974"></status>
</kw>
<kw name="Wait Until Element Is Enabled" library="SeleniumLibrary">
<doc>Waits until the element ``locator`` is enabled.</doc>
<arguments>
<arg>${register_by_email_btn}</arg>
</arguments>
<status status="PASS" starttime="20220715 18:13:14.974" endtime="20220715 18:13:14.998"></status>
</kw>
<kw name="Click Element" library="SeleniumLibrary">
<doc>Click the element identified by ``locator``.</doc>
<arguments>
<arg>${register_by_email_btn}</arg>
</arguments>
<msg timestamp="20220715 18:13:14.998" level="INFO">Clicking element '//button[@type='submit']'.</msg>
<status status="PASS" starttime="20220715 18:13:14.998" endtime="20220715 18:13:15.065"></status>
</kw>
<kw name="Wait Until Element Is Visible" library="SeleniumLibrary">
<doc>Waits until the element ``locator`` is visible.</doc>
<arguments>
<arg>${register_success_ok_btn}</arg>
</arguments>
<status status="PASS" starttime="20220715 18:13:15.065" endtime="20220715 18:13:18.197"></status>
</kw>
<status status="PASS" starttime="20220715 18:13:13.882" endtime="20220715 18:13:18.197"></status>
</kw>
<kw name="Then Verify register success" library="Register_Keywords">
<kw name="Wait Until Element Is Visible" library="SeleniumLibrary">
<doc>Waits until the element ``locator`` is visible.</doc>
<arguments>
<arg>${register_success_ok_btn}</arg>
</arguments>
<status status="PASS" starttime="20220715 18:13:18.198" endtime="20220715 18:13:18.209"></status>
</kw>
<kw name="Click Element" library="SeleniumLibrary">
<doc>Click the element identified by ``locator``.</doc>
<arguments>
<arg>${register_success_ok_btn}</arg>
</arguments>
<msg timestamp="20220715 18:13:18.209" level="INFO">Clicking element '//button[@type='submit' and contains(text(),'OK')]'.</msg>
<status status="PASS" starttime="20220715 18:13:18.209" endtime="20220715 18:13:18.268"></status>
</kw>
<kw name="Wait Until Element Is Visible" library="SeleniumLibrary">
<doc>Waits until the element ``locator`` is visible.</doc>
<arguments>
<arg>${verify_register_btn}</arg>
</arguments>
<status status="PASS" starttime="20220715 18:13:18.268" endtime="20220715 18:13:18.529"></status>
</kw>
<status status="PASS" starttime="20220715 18:13:18.197" endtime="20220715 18:13:18.530"></status>
</kw>
<kw name="Close Browser" library="SeleniumLibrary" type="teardown">
<doc>Closes the current browser.</doc>
<status status="PASS" starttime="20220715 18:13:18.530" endtime="20220715 18:13:18.659"></status>
</kw>
<doc>Non-critical test case</doc>
<tags>
<tag>Register</tag>
<tag>Register_success_page</tag>
</tags>
<timeout value="30 seconds"></timeout>
<status status="PASS" starttime="20220715 18:13:09.110" endtime="20220715 18:13:18.659" critical="no"></status>
</test>
<kw name="Close All Browsers" library="SeleniumLibrary" type="teardown">
<doc>Closes all open browsers and resets the browser cache.</doc>
<status status="PASS" starttime="20220715 18:13:18.662" endtime="20220715 18:13:18.663"></status>
</kw>
<doc>Register feature test case</doc>
<status status="FAIL" starttime="20220715 18:12:24.543" endtime="20220715 18:13:18.663"></status>
</suite>
<statistics>
<total>
<stat pass="0" fail="1">Critical Tests</stat>
<stat pass="5" fail="1">All Tests</stat>
</total>
<tag>
<stat pass="0" fail="1" info="critical">Critical</stat>
<stat pass="5" fail="1">Register</stat>
<stat pass="2" fail="1">Register_by_Email</stat>
<stat pass="3" fail="0">Register_success_page</stat>
</tag>
<suite>
<stat pass="5" fail="1" id="s1" name="Register">Register</stat>
</suite>
</statistics>
<errors>
</errors>
</robot>
